This file contains any messages produced by compilers while
running configure, to aid debugging if configure makes a mistake.

It was created by gnss-ts configure 0.10, which was
generated by GNU Autoconf 2.69.  Invocation command line was

  $ ./configure 

## --------- ##
## Platform. ##
## --------- ##

hostname = localhost.localdomain
uname -m = x86_64
uname -r = 4.2.6-301.fc23.x86_64
uname -s = Linux
uname -v = #1 SMP Fri Nov 20 22:22:41 UTC 2015

/usr/bin/uname -p = x86_64
/bin/uname -X     = unknown

/bin/arch              = x86_64
/usr/bin/arch -k       = unknown
/usr/convex/getsysinfo = unknown
/usr/bin/hostinfo      = unknown
/bin/machine           = unknown
/usr/bin/oslevel       = unknown
/bin/universe          = unknown

PATH: /usr/lib64/qt-3.3/bin
PATH: /usr/local/bin
PATH: /usr/local/sbin
PATH: /usr/bin
PATH: /usr/sbin
PATH: /home/xanthos/.local/bin
PATH: /home/xanthos/bin


## ----------- ##
## Core tests. ##
## ----------- ##

configure:2203: checking for a BSD-compatible install
configure:2271: result: /usr/bin/install -c
configure:2282: checking whether build environment is sane
configure:2337: result: yes
configure:2488: checking for a thread-safe mkdir -p
configure:2527: result: /usr/bin/mkdir -p
configure:2534: checking for gawk
configure:2550: found /usr/bin/gawk
configure:2561: result: gawk
configure:2572: checking whether make sets $(MAKE)
configure:2594: result: yes
configure:2623: checking whether make supports nested variables
configure:2640: result: yes
configure:2827: checking for gcc
configure:2843: found /usr/bin/gcc
configure:2854: result: gcc
configure:3083: checking for C compiler version
configure:3092: gcc --version >&5
gcc (GCC) 5.3.1 20151207 (Red Hat 5.3.1-2)
Copyright (C) 2015 Free Software Foundation, Inc.
This is free software; see the source for copying conditions.  There is NO
warranty; not even for MERCHANTABILITY or FITNESS FOR A PARTICULAR PURPOSE.

configure:3103: $? = 0
configure:3092: gcc -v >&5
Using built-in specs.
COLLECT_GCC=gcc
COLLECT_LTO_WRAPPER=/usr/libexec/gcc/x86_64-redhat-linux/5.3.1/lto-wrapper
Target: x86_64-redhat-linux
Configured with: ../configure --enable-bootstrap --enable-languages=c,c++,objc,obj-c++,fortran,ada,go,lto --prefix=/usr --mandir=/usr/share/man --infodir=/usr/share/info --with-bugurl=http://bugzilla.redhat.com/bugzilla --enable-shared --enable-threads=posix --enable-checking=release --enable-multilib --with-system-zlib --enable-__cxa_atexit --disable-libunwind-exceptions --enable-gnu-unique-object --enable-linker-build-id --with-linker-hash-style=gnu --enable-plugin --enable-initfini-array --disable-libgcj --with-isl --enable-libmpx --enable-gnu-indirect-function --with-tune=generic --with-arch_32=i686 --build=x86_64-redhat-linux
Thread model: posix
gcc version 5.3.1 20151207 (Red Hat 5.3.1-2) (GCC) 
configure:3103: $? = 0
configure:3092: gcc -V >&5
gcc: error: unrecognized command line option '-V'
gcc: fatal error: no input files
compilation terminated.
configure:3103: $? = 1
configure:3092: gcc -qversion >&5
gcc: error: unrecognized command line option '-qversion'
gcc: fatal error: no input files
compilation terminated.
configure:3103: $? = 1
configure:3123: checking whether the C compiler works
configure:3145: gcc    conftest.c  >&5
configure:3149: $? = 0
configure:3197: result: yes
configure:3200: checking for C compiler default output file name
configure:3202: result: a.out
configure:3208: checking for suffix of executables
configure:3215: gcc -o conftest    conftest.c  >&5
configure:3219: $? = 0
configure:3241: result: 
configure:3263: checking whether we are cross compiling
configure:3271: gcc -o conftest    conftest.c  >&5
configure:3275: $? = 0
configure:3282: ./conftest
configure:3286: $? = 0
configure:3301: result: no
configure:3306: checking for suffix of object files
configure:3328: gcc -c   conftest.c >&5
configure:3332: $? = 0
configure:3353: result: o
configure:3357: checking whether we are using the GNU C compiler
configure:3376: gcc -c   conftest.c >&5
configure:3376: $? = 0
configure:3385: result: yes
configure:3394: checking whether gcc accepts -g
configure:3414: gcc -c -g  conftest.c >&5
configure:3414: $? = 0
configure:3455: result: yes
configure:3472: checking for gcc option to accept ISO C89
configure:3535: gcc  -c -g -O2  conftest.c >&5
configure:3535: $? = 0
configure:3548: result: none needed
configure:3573: checking whether gcc understands -c and -o together
configure:3595: gcc -c conftest.c -o conftest2.o
configure:3598: $? = 0
configure:3595: gcc -c conftest.c -o conftest2.o
configure:3598: $? = 0
configure:3610: result: yes
configure:3638: checking for style of include used by make
configure:3666: result: GNU
configure:3692: checking dependency style of gcc
configure:3803: result: gcc3
configure:3876: checking for g++
configure:3892: found /usr/bin/g++
configure:3903: result: g++
configure:3930: checking for C++ compiler version
configure:3939: g++ --version >&5
g++ (GCC) 5.3.1 20151207 (Red Hat 5.3.1-2)
Copyright (C) 2015 Free Software Foundation, Inc.
This is free software; see the source for copying conditions.  There is NO
warranty; not even for MERCHANTABILITY or FITNESS FOR A PARTICULAR PURPOSE.

configure:3950: $? = 0
configure:3939: g++ -v >&5
Using built-in specs.
COLLECT_GCC=g++
COLLECT_LTO_WRAPPER=/usr/libexec/gcc/x86_64-redhat-linux/5.3.1/lto-wrapper
Target: x86_64-redhat-linux
Configured with: ../configure --enable-bootstrap --enable-languages=c,c++,objc,obj-c++,fortran,ada,go,lto --prefix=/usr --mandir=/usr/share/man --infodir=/usr/share/info --with-bugurl=http://bugzilla.redhat.com/bugzilla --enable-shared --enable-threads=posix --enable-checking=release --enable-multilib --with-system-zlib --enable-__cxa_atexit --disable-libunwind-exceptions --enable-gnu-unique-object --enable-linker-build-id --with-linker-hash-style=gnu --enable-plugin --enable-initfini-array --disable-libgcj --with-isl --enable-libmpx --enable-gnu-indirect-function --with-tune=generic --with-arch_32=i686 --build=x86_64-redhat-linux
Thread model: posix
gcc version 5.3.1 20151207 (Red Hat 5.3.1-2) (GCC) 
configure:3950: $? = 0
configure:3939: g++ -V >&5
g++: error: unrecognized command line option '-V'
g++: fatal error: no input files
compilation terminated.
configure:3950: $? = 1
configure:3939: g++ -qversion >&5
g++: error: unrecognized command line option '-qversion'
g++: fatal error: no input files
compilation terminated.
configure:3950: $? = 1
configure:3954: checking whether we are using the GNU C++ compiler
configure:3973: g++ -c   conftest.cpp >&5
configure:3973: $? = 0
configure:3982: result: yes
configure:3991: checking whether g++ accepts -g
configure:4011: g++ -c -g  conftest.cpp >&5
configure:4011: $? = 0
configure:4052: result: yes
configure:4077: checking dependency style of g++
configure:4188: result: gcc3
configure:4247: checking for ranlib
configure:4263: found /usr/bin/ranlib
configure:4274: result: ranlib
configure:4296: checking for a sed that does not truncate output
configure:4360: result: /usr/bin/sed
configure:4365: checking for grep that handles long lines and -e
configure:4423: result: /usr/bin/grep
configure:4453: checking how to run the C++ preprocessor
configure:4480: g++ -E  conftest.cpp
configure:4480: $? = 0
configure:4494: g++ -E  conftest.cpp
conftest.cpp:11:28: fatal error: ac_nonexistent.h: No such file or directory
compilation terminated.
configure:4494: $? = 1
configure: failed program was:
| /* confdefs.h */
| #define PACKAGE_NAME "gnss-ts"
| #define PACKAGE_TARNAME "gnssts"
| #define PACKAGE_VERSION "0.10"
| #define PACKAGE_STRING "gnss-ts 0.10"
| #define PACKAGE_BUGREPORT "xanthos@mail.ntua.gr"
| #define PACKAGE_URL "http://dionysos.survey.ntua.gr"
| #define PACKAGE "gnssts"
| #define VERSION "0.10"
| /* end confdefs.h.  */
| #include <ac_nonexistent.h>
configure:4519: result: g++ -E
configure:4539: g++ -E  conftest.cpp
configure:4539: $? = 0
configure:4553: g++ -E  conftest.cpp
conftest.cpp:11:28: fatal error: ac_nonexistent.h: No such file or directory
compilation terminated.
configure:4553: $? = 1
configure: failed program was:
| /* confdefs.h */
| #define PACKAGE_NAME "gnss-ts"
| #define PACKAGE_TARNAME "gnssts"
| #define PACKAGE_VERSION "0.10"
| #define PACKAGE_STRING "gnss-ts 0.10"
| #define PACKAGE_BUGREPORT "xanthos@mail.ntua.gr"
| #define PACKAGE_URL "http://dionysos.survey.ntua.gr"
| #define PACKAGE "gnssts"
| #define VERSION "0.10"
| /* end confdefs.h.  */
| #include <ac_nonexistent.h>
configure:4582: checking for egrep
configure:4644: result: /usr/bin/grep -E
configure:4649: checking for ANSI C header files
configure:4669: g++ -c -g -O2  conftest.cpp >&5
configure:4669: $? = 0
configure:4742: g++ -o conftest -g -O2   conftest.cpp  >&5
configure:4742: $? = 0
configure:4742: ./conftest
configure:4742: $? = 0
configure:4753: result: yes
configure:4766: checking for sys/types.h
configure:4766: g++ -c -g -O2  conftest.cpp >&5
configure:4766: $? = 0
configure:4766: result: yes
configure:4766: checking for sys/stat.h
configure:4766: g++ -c -g -O2  conftest.cpp >&5
configure:4766: $? = 0
configure:4766: result: yes
configure:4766: checking for stdlib.h
configure:4766: g++ -c -g -O2  conftest.cpp >&5
configure:4766: $? = 0
configure:4766: result: yes
configure:4766: checking for string.h
configure:4766: g++ -c -g -O2  conftest.cpp >&5
configure:4766: $? = 0
configure:4766: result: yes
configure:4766: checking for memory.h
configure:4766: g++ -c -g -O2  conftest.cpp >&5
configure:4766: $? = 0
configure:4766: result: yes
configure:4766: checking for strings.h
configure:4766: g++ -c -g -O2  conftest.cpp >&5
configure:4766: $? = 0
configure:4766: result: yes
configure:4766: checking for inttypes.h
configure:4766: g++ -c -g -O2  conftest.cpp >&5
configure:4766: $? = 0
configure:4766: result: yes
configure:4766: checking for stdint.h
configure:4766: g++ -c -g -O2  conftest.cpp >&5
configure:4766: $? = 0
configure:4766: result: yes
configure:4766: checking for unistd.h
configure:4766: g++ -c -g -O2  conftest.cpp >&5
configure:4766: $? = 0
configure:4766: result: yes
configure:4778: checking for stdbool.h that conforms to C99
configure:4845: g++ -c -g -O2  conftest.cpp >&5
configure:4845: $? = 0
configure:4852: result: yes
configure:4854: checking for _Bool
configure:4854: g++ -c -g -O2  conftest.cpp >&5
conftest.cpp: In function 'int main()':
conftest.cpp:57:13: error: '_Bool' was not declared in this scope
 if (sizeof (_Bool))
             ^
configure:4854: $? = 1
configure: failed program was:
| /* confdefs.h */
| #define PACKAGE_NAME "gnss-ts"
| #define PACKAGE_TARNAME "gnssts"
| #define PACKAGE_VERSION "0.10"
| #define PACKAGE_STRING "gnss-ts 0.10"
| #define PACKAGE_BUGREPORT "xanthos@mail.ntua.gr"
| #define PACKAGE_URL "http://dionysos.survey.ntua.gr"
| #define PACKAGE "gnssts"
| #define VERSION "0.10"
| #define STDC_HEADERS 1
| #define HAVE_SYS_TYPES_H 1
| #define HAVE_SYS_STAT_H 1
| #define HAVE_STDLIB_H 1
| #define HAVE_STRING_H 1
| #define HAVE_MEMORY_H 1
| #define HAVE_STRINGS_H 1
| #define HAVE_INTTYPES_H 1
| #define HAVE_STDINT_H 1
| #define HAVE_UNISTD_H 1
| /* end confdefs.h.  */
| #include <stdio.h>
| #ifdef HAVE_SYS_TYPES_H
| # include <sys/types.h>
| #endif
| #ifdef HAVE_SYS_STAT_H
| # include <sys/stat.h>
| #endif
| #ifdef STDC_HEADERS
| # include <stdlib.h>
| # include <stddef.h>
| #else
| # ifdef HAVE_STDLIB_H
| #  include <stdlib.h>
| # endif
| #endif
| #ifdef HAVE_STRING_H
| # if !defined STDC_HEADERS && defined HAVE_MEMORY_H
| #  include <memory.h>
| # endif
| # include <string.h>
| #endif
| #ifdef HAVE_STRINGS_H
| # include <strings.h>
| #endif
| #ifdef HAVE_INTTYPES_H
| # include <inttypes.h>
| #endif
| #ifdef HAVE_STDINT_H
| # include <stdint.h>
| #endif
| #ifdef HAVE_UNISTD_H
| # include <unistd.h>
| #endif
| int
| main ()
| {
| if (sizeof (_Bool))
| 	 return 0;
|   ;
|   return 0;
| }
configure:4854: result: no
configure:4865: checking for inline
configure:4881: g++ -c -g -O2  conftest.cpp >&5
configure:4881: $? = 0
configure:4889: result: inline
configure:4912: checking for floor
configure:4912: g++ -o conftest -g -O2   conftest.cpp  >&5
configure:4912: $? = 0
configure:4912: result: yes
configure:4912: checking for modf
configure:4912: g++ -o conftest -g -O2   conftest.cpp  >&5
configure:4912: $? = 0
configure:4912: result: yes
configure:4912: checking for pow
configure:4912: g++ -o conftest -g -O2   conftest.cpp  >&5
configure:4912: $? = 0
configure:4912: result: yes
configure:4912: checking for sqrt
configure:4912: g++ -o conftest -g -O2   conftest.cpp  >&5
configure:4912: $? = 0
configure:4912: result: yes
configure:5034: checking that generated files are newer than configure
configure:5040: result: done
configure:5067: creating ./config.status

## ---------------------- ##
## Running config.status. ##
## ---------------------- ##

This file was extended by gnss-ts config.status 0.10, which was
generated by GNU Autoconf 2.69.  Invocation command line was

  CONFIG_FILES    = 
  CONFIG_HEADERS  = 
  CONFIG_LINKS    = 
  CONFIG_COMMANDS = 
  $ ./config.status 

on localhost.localdomain

config.status:867: creating Makefile
config.status:867: creating src/Makefile
config.status:867: creating test/Makefile
config.status:867: creating config.h
config.status:1048: config.h is unchanged
config.status:1096: executing depfiles commands

## ---------------- ##
## Cache variables. ##
## ---------------- ##

ac_cv_c_compiler_gnu=yes
ac_cv_c_inline=inline
ac_cv_cxx_compiler_gnu=yes
ac_cv_env_CCC_set=
ac_cv_env_CCC_value=
ac_cv_env_CC_set=
ac_cv_env_CC_value=
ac_cv_env_CFLAGS_set=
ac_cv_env_CFLAGS_value=
ac_cv_env_CPPFLAGS_set=
ac_cv_env_CPPFLAGS_value=
ac_cv_env_CXXCPP_set=
ac_cv_env_CXXCPP_value=
ac_cv_env_CXXFLAGS_set=
ac_cv_env_CXXFLAGS_value=
ac_cv_env_CXX_set=
ac_cv_env_CXX_value=
ac_cv_env_LDFLAGS_set=
ac_cv_env_LDFLAGS_value=
ac_cv_env_LIBS_set=
ac_cv_env_LIBS_value=
ac_cv_env_build_alias_set=
ac_cv_env_build_alias_value=
ac_cv_env_host_alias_set=
ac_cv_env_host_alias_value=
ac_cv_env_target_alias_set=
ac_cv_env_target_alias_value=
ac_cv_func_floor=yes
ac_cv_func_modf=yes
ac_cv_func_pow=yes
ac_cv_func_sqrt=yes
ac_cv_header_inttypes_h=yes
ac_cv_header_memory_h=yes
ac_cv_header_stdbool_h=yes
ac_cv_header_stdc=yes
ac_cv_header_stdint_h=yes
ac_cv_header_stdlib_h=yes
ac_cv_header_string_h=yes
ac_cv_header_strings_h=yes
ac_cv_header_sys_stat_h=yes
ac_cv_header_sys_types_h=yes
ac_cv_header_unistd_h=yes
ac_cv_objext=o
ac_cv_path_EGREP='/usr/bin/grep -E'
ac_cv_path_GREP=/usr/bin/grep
ac_cv_path_SED=/usr/bin/sed
ac_cv_path_install='/usr/bin/install -c'
ac_cv_path_mkdir=/usr/bin/mkdir
ac_cv_prog_AWK=gawk
ac_cv_prog_CXXCPP='g++ -E'
ac_cv_prog_ac_ct_CC=gcc
ac_cv_prog_ac_ct_CXX=g++
ac_cv_prog_ac_ct_RANLIB=ranlib
ac_cv_prog_cc_c89=
ac_cv_prog_cc_g=yes
ac_cv_prog_cxx_g=yes
ac_cv_prog_make_make_set=yes
ac_cv_type__Bool=no
am_cv_CC_dependencies_compiler_type=gcc3
am_cv_CXX_dependencies_compiler_type=gcc3
am_cv_make_support_nested_variables=yes
am_cv_prog_cc_c_o=yes

## ----------------- ##
## Output variables. ##
## ----------------- ##

ACLOCAL='${SHELL} /home/xanthos/Software/gnss-ts/missing aclocal-1.15'
AMDEPBACKSLASH='\'
AMDEP_FALSE='#'
AMDEP_TRUE=''
AMTAR='$${TAR-tar}'
AM_BACKSLASH='\'
AM_DEFAULT_V='$(AM_DEFAULT_VERBOSITY)'
AM_DEFAULT_VERBOSITY='1'
AM_V='$(V)'
AUTOCONF='${SHELL} /home/xanthos/Software/gnss-ts/missing autoconf'
AUTOHEADER='${SHELL} /home/xanthos/Software/gnss-ts/missing autoheader'
AUTOMAKE='${SHELL} /home/xanthos/Software/gnss-ts/missing automake-1.15'
AWK='gawk'
CC='gcc'
CCDEPMODE='depmode=gcc3'
CFLAGS='-g -O2'
CPPFLAGS=''
CXX='g++'
CXXCPP='g++ -E'
CXXDEPMODE='depmode=gcc3'
CXXFLAGS='-g -O2'
CYGPATH_W='echo'
DEFS='-DHAVE_CONFIG_H'
DEPDIR='.deps'
ECHO_C=''
ECHO_N='-n'
ECHO_T=''
EGREP='/usr/bin/grep -E'
EXEEXT=''
GREP='/usr/bin/grep'
INSTALL_DATA='${INSTALL} -m 644'
INSTALL_PROGRAM='${INSTALL}'
INSTALL_SCRIPT='${INSTALL}'
INSTALL_STRIP_PROGRAM='$(install_sh) -c -s'
LDFLAGS=''
LIBOBJS=''
LIBS=''
LTLIBOBJS=''
MAKEINFO='${SHELL} /home/xanthos/Software/gnss-ts/missing makeinfo'
MKDIR_P='/usr/bin/mkdir -p'
OBJEXT='o'
PACKAGE='gnssts'
PACKAGE_BUGREPORT='xanthos@mail.ntua.gr'
PACKAGE_NAME='gnss-ts'
PACKAGE_STRING='gnss-ts 0.10'
PACKAGE_TARNAME='gnssts'
PACKAGE_URL='http://dionysos.survey.ntua.gr'
PACKAGE_VERSION='0.10'
PATH_SEPARATOR=':'
RANLIB='ranlib'
SED='/usr/bin/sed'
SET_MAKE=''
SHELL='/bin/sh'
STRIP=''
VERSION='0.10'
ac_ct_CC='gcc'
ac_ct_CXX='g++'
am__EXEEXT_FALSE=''
am__EXEEXT_TRUE='#'
am__fastdepCC_FALSE='#'
am__fastdepCC_TRUE=''
am__fastdepCXX_FALSE='#'
am__fastdepCXX_TRUE=''
am__include='include'
am__isrc=''
am__leading_dot='.'
am__nodep='_no'
am__quote=''
am__tar='$${TAR-tar} chof - "$$tardir"'
am__untar='$${TAR-tar} xf -'
bindir='${exec_prefix}/bin'
build_alias=''
datadir='${datarootdir}'
datarootdir='${prefix}/share'
docdir='${datarootdir}/doc/${PACKAGE_TARNAME}'
dvidir='${docdir}'
exec_prefix='${prefix}'
host_alias=''
htmldir='${docdir}'
includedir='${prefix}/include'
infodir='${datarootdir}/info'
install_sh='${SHELL} /home/xanthos/Software/gnss-ts/install-sh'
libdir='${exec_prefix}/lib'
libexecdir='${exec_prefix}/libexec'
localedir='${datarootdir}/locale'
localstatedir='${prefix}/var'
mandir='${datarootdir}/man'
mkdir_p='$(MKDIR_P)'
oldincludedir='/usr/include'
pdfdir='${docdir}'
prefix='/usr/local'
program_transform_name='s,x,x,'
psdir='${docdir}'
sbindir='${exec_prefix}/sbin'
sharedstatedir='${prefix}/com'
sysconfdir='${prefix}/etc'
target_alias=''

## ----------- ##
## confdefs.h. ##
## ----------- ##

/* confdefs.h */
#define PACKAGE_NAME "gnss-ts"
#define PACKAGE_TARNAME "gnssts"
#define PACKAGE_VERSION "0.10"
#define PACKAGE_STRING "gnss-ts 0.10"
#define PACKAGE_BUGREPORT "xanthos@mail.ntua.gr"
#define PACKAGE_URL "http://dionysos.survey.ntua.gr"
#define PACKAGE "gnssts"
#define VERSION "0.10"
#define STDC_HEADERS 1
#define HAVE_SYS_TYPES_H 1
#define HAVE_SYS_STAT_H 1
#define HAVE_STDLIB_H 1
#define HAVE_STRING_H 1
#define HAVE_MEMORY_H 1
#define HAVE_STRINGS_H 1
#define HAVE_INTTYPES_H 1
#define HAVE_STDINT_H 1
#define HAVE_UNISTD_H 1
#define HAVE_FLOOR 1
#define HAVE_MODF 1
#define HAVE_POW 1
#define HAVE_SQRT 1

configure: exit 0
